<?xml version="1.0" encoding="UTF-8"?>
<!-- Generated by org.testng.reporters.JUnitXMLReporter -->
<testsuite ignored="0" hostname="LAPTOP-SCJRFP3V" failures="1" tests="6" name="TestAMZ1" time="110.768" errors="0" timestamp="2022-09-30T15:13:30 EDT">
  <testcase classname="ssfp.SSFPtestingpart2" name="searchfunction14" time="7.217"/>
  <testcase classname="ssfp.SSFPtestingpart2" name="searchfunction9" time="10.784"/>
  <testcase classname="ssfp.SSFPtestingpart2" name="searchfunction10" time="4.013">
    <failure type="org.openqa.selenium.NoSuchElementException" message="Unable to locate element: #p_n_date\/12035757011 &amp;gt; span:nth-child(1) &amp;gt; a:nth-child(1) &amp;gt; span:nth-child(1)
For documentation on this error, please visit: https://www.seleniumhq.org/exceptions/no_such_element.html
Build info: version: &amp;apos;3.141.59&amp;apos;, revision: &amp;apos;e82be7d358&amp;apos;, time: &amp;apos;2018-11-14T08:17:03&amp;apos;
System info: host: &amp;apos;LAPTOP-SCJRFP3V&amp;apos;, ip: &amp;apos;192.168.232.1&amp;apos;, os.name: &amp;apos;Windows 11&amp;apos;, os.arch: &amp;apos;amd64&amp;apos;, os.version: &amp;apos;10.0&amp;apos;, java.version: &amp;apos;18.0.2&amp;apos;
Driver info: org.openqa.selenium.firefox.FirefoxDriver
Capabilities {acceptInsecureCerts: true, browserName: firefox, browserVersion: 105.0.1, javascriptEnabled: true, moz:accessibilityChecks: false, moz:buildID: 20220922151854, moz:geckodriverVersion: 0.31.0, moz:headless: false, moz:platformVersion: 10.0, moz:processID: 21392, moz:profile: C:\Users\sarab\AppData\Loca..., moz:shutdownTimeout: 60000, moz:useNonSpecCompliantPointerOrigin: false, moz:webdriverClick: true, moz:windowless: false, pageLoadStrategy: normal, platform: WINDOWS, platformName: WINDOWS, proxy: Proxy(), setWindowRect: true, strictFileInteractability: false, timeouts: {implicit: 0, pageLoad: 300000, script: 30000}, unhandledPromptBehavior: dismiss and notify}
Session ID: fb2c858d-670d-4d15-b1ed-c63f429984b3
*** Element info: {Using=css selector, value=#p_n_date\/12035757011 &amp;gt; span:nth-child(1) &amp;gt; a:nth-child(1) &amp;gt; span:nth-child(1)}">
      <![CDATA[org.openqa.selenium.NoSuchElementException: Unable to locate element: #p_n_date\/12035757011 > span:nth-child(1) > a:nth-child(1) > span:nth-child(1)
For documentation on this error, please visit: https://www.seleniumhq.org/exceptions/no_such_element.html
Build info: version: '3.141.59', revision: 'e82be7d358', time: '2018-11-14T08:17:03'
System info: host: 'LAPTOP-SCJRFP3V', ip: '192.168.232.1', os.name: 'Windows 11', os.arch: 'amd64', os.version: '10.0', java.version: '18.0.2'
Driver info: org.openqa.selenium.firefox.FirefoxDriver
Capabilities {acceptInsecureCerts: true, browserName: firefox, browserVersion: 105.0.1, javascriptEnabled: true, moz:accessibilityChecks: false, moz:buildID: 20220922151854, moz:geckodriverVersion: 0.31.0, moz:headless: false, moz:platformVersion: 10.0, moz:processID: 21392, moz:profile: C:\Users\sarab\AppData\Loca..., moz:shutdownTimeout: 60000, moz:useNonSpecCompliantPointerOrigin: false, moz:webdriverClick: true, moz:windowless: false, pageLoadStrategy: normal, platform: WINDOWS, platformName: WINDOWS, proxy: Proxy(), setWindowRect: true, strictFileInteractability: false, timeouts: {implicit: 0, pageLoad: 300000, script: 30000}, unhandledPromptBehavior: dismiss and notify}
Session ID: fb2c858d-670d-4d15-b1ed-c63f429984b3
*** Element info: {Using=css selector, value=#p_n_date\/12035757011 > span:nth-child(1) > a:nth-child(1) > span:nth-child(1)}
at org.openqa.selenium.remote.http.W3CHttpResponseCodec.createException(W3CHttpResponseCodec.java:187)
at org.openqa.selenium.remote.http.W3CHttpResponseCodec.decode(W3CHttpResponseCodec.java:122)
at org.openqa.selenium.remote.http.W3CHttpResponseCodec.decode(W3CHttpResponseCodec.java:49)
at org.openqa.selenium.remote.HttpCommandExecutor.execute(HttpCommandExecutor.java:158)
at org.openqa.selenium.remote.service.DriverCommandExecutor.execute(DriverCommandExecutor.java:83)
at org.openqa.selenium.remote.RemoteWebDriver.execute(RemoteWebDriver.java:552)
at org.openqa.selenium.remote.RemoteWebDriver.findElement(RemoteWebDriver.java:323)
at org.openqa.selenium.remote.RemoteWebDriver.findElementByCssSelector(RemoteWebDriver.java:420)
at org.openqa.selenium.By$ByCssSelector.findElement(By.java:431)
at org.openqa.selenium.remote.RemoteWebDriver.findElement(RemoteWebDriver.java:315)
at org.openqa.selenium.support.pagefactory.DefaultElementLocator.findElement(DefaultElementLocator.java:69)
at org.openqa.selenium.support.pagefactory.internal.LocatingElementHandler.invoke(LocatingElementHandler.java:38)
at jdk.proxy2/jdk.proxy2.$Proxy12.getWrappedElement(Unknown Source)
at org.openqa.selenium.remote.internal.WebElementToJsonConverter.apply(WebElementToJsonConverter.java:50)
at java.base/java.util.stream.ReferencePipeline$3$1.accept(ReferencePipeline.java:197)
at java.base/java.util.Spliterators$ArraySpliterator.forEachRemaining(Spliterators.java:992)
at java.base/java.util.stream.AbstractPipeline.copyInto(AbstractPipeline.java:509)
at java.base/java.util.stream.AbstractPipeline.wrapAndCopyInto(AbstractPipeline.java:499)
at java.base/java.util.stream.ReduceOps$ReduceOp.evaluateSequential(ReduceOps.java:921)
at java.base/java.util.stream.AbstractPipeline.evaluate(AbstractPipeline.java:234)
at java.base/java.util.stream.ReferencePipeline.collect(ReferencePipeline.java:682)
at org.openqa.selenium.remote.RemoteWebDriver.executeScript(RemoteWebDriver.java:484)
at ssfp.POMssfp.search10(POMssfp.java:269)
at ssfp.SSFPtestingpart2.searchfunction10(SSFPtestingpart2.java:33)
at java.base/java.util.ArrayList.forEach(ArrayList.java:1511)
... Removed 28 stack frames]]>
    </failure>
  </testcase> <!-- searchfunction10 -->
  <testcase classname="ssfp.SSFPtestingpart2" name="searchfunction11" time="10.681"/>
  <testcase classname="ssfp.SSFPtestingpart2" name="searchfunction12" time="15.543"/>
  <testcase classname="ssfp.SSFPtestingpart2" name="searchfunction13" time="4.936"/>
</testsuite> <!-- TestAMZ1 -->
